<?xml version="1.0" encoding="UTF-8"?>
<testsuite xmlns:xsi="http://www.w3.org/2001/XMLSchema-instance" xsi:noNamespaceSchemaLocation="https://maven.apache.org/surefire/maven-surefire-plugin/xsd/surefire-test-report-3.0.xsd" version="3.0" name="practice.samplemavenjava.AppTest" time="0.013" tests="1" errors="0" skipped="0" failures="0">
  <properties>
    <property name="sun.desktop" value="windows"/>
    <property name="awt.toolkit" value="sun.awt.windows.WToolkit"/>
    <property name="java.specification.version" value="11"/>
    <property name="sun.cpu.isalist" value="amd64"/>
    <property name="sun.jnu.encoding" value="Cp1252"/>
    <property name="java.class.path" value="C:\Users\darsh\eclipse-workspace\samplemavenjava\target\test-classes;C:\Users\darsh\eclipse-workspace\samplemavenjava\target\classes;C:\Users\darsh\.m2\repository\junit\junit\3.8.1\junit-3.8.1.jar;"/>
    <property name="java.vm.vendor" value="Amazon.com Inc."/>
    <property name="sun.arch.data.model" value="64"/>
    <property name="user.variant" value=""/>
    <property name="java.vendor.url" value="https://aws.amazon.com/corretto/"/>
    <property name="user.timezone" value="Asia/Calcutta"/>
    <property name="java.vm.specification.version" value="11"/>
    <property name="os.name" value="Windows 11"/>
    <property name="sun.java.launcher" value="SUN_STANDARD"/>
    <property name="user.country" value="IN"/>
    <property name="sun.boot.library.path" value="C:\Program Files\Amazon Corretto\jdk11.0.17_8\bin"/>
    <property name="sun.java.command" value="C:\Users\darsh\AppData\Local\Temp\surefire2435885980241681686\surefirebooter-20250114093859334_3.jar C:\Users\darsh\AppData\Local\Temp\surefire2435885980241681686 2025-01-14T09-38-59_080-jvmRun1 surefire-20250114093859334_1tmp surefire_0-20250114093859334_2tmp"/>
    <property name="jdk.debug" value="release"/>
    <property name="surefire.test.class.path" value="C:\Users\darsh\eclipse-workspace\samplemavenjava\target\test-classes;C:\Users\darsh\eclipse-workspace\samplemavenjava\target\classes;C:\Users\darsh\.m2\repository\junit\junit\3.8.1\junit-3.8.1.jar;"/>
    <property name="sun.cpu.endian" value="little"/>
    <property name="user.home" value="C:\Users\darsh"/>
    <property name="user.language" value="en"/>
    <property name="java.specification.vendor" value="Oracle Corporation"/>
    <property name="java.version.date" value="2022-10-18"/>
    <property name="java.home" value="C:\Program Files\Amazon Corretto\jdk11.0.17_8"/>
    <property name="file.separator" value="\"/>
    <property name="style.color" value="always"/>
    <property name="basedir" value="C:\Users\darsh\eclipse-workspace\samplemavenjava"/>
    <property name="java.vm.compressedOopsMode" value="32-bit"/>
    <property name="line.separator" value="&#10;"/>
    <property name="java.specification.name" value="Java Platform API Specification"/>
    <property name="java.vm.specification.vendor" value="Oracle Corporation"/>
    <property name="java.awt.graphicsenv" value="sun.awt.Win32GraphicsEnvironment"/>
    <property name="surefire.real.class.path" value="C:\Users\darsh\AppData\Local\Temp\surefire2435885980241681686\surefirebooter-20250114093859334_3.jar"/>
    <property name="user.script" value=""/>
    <property name="sun.management.compiler" value="HotSpot 64-Bit Tiered Compilers"/>
    <property name="java.runtime.version" value="11.0.17+8-LTS"/>
    <property name="user.name" value="darsh"/>
    <property name="path.separator" value=";"/>
    <property name="os.version" value="10.0"/>
    <property name="java.runtime.name" value="OpenJDK Runtime Environment"/>
    <property name="file.encoding" value="Cp1252"/>
    <property name="java.vm.name" value="OpenJDK 64-Bit Server VM"/>
    <property name="java.vendor.version" value="Corretto-11.0.17.8.1"/>
    <property name="localRepository" value="C:\Users\darsh\.m2\repository"/>
    <property name="java.vendor.url.bug" value="https://github.com/corretto/corretto-11/issues/"/>
    <property name="java.io.tmpdir" value="C:\Users\darsh\AppData\Local\Temp\"/>
    <property name="java.version" value="11.0.17"/>
    <property name="user.dir" value="C:\Users\darsh\eclipse-workspace\samplemavenjava"/>
    <property name="os.arch" value="amd64"/>
    <property name="java.vm.specification.name" value="Java Virtual Machine Specification"/>
    <property name="java.awt.printerjob" value="sun.awt.windows.WPrinterJob"/>
    <property name="sun.os.patch.level" value=""/>
    <property name="java.library.path" value="C:\Program Files\Amazon Corretto\jdk11.0.17_8\bin;C:\WINDOWS\Sun\Java\bin;C:\WINDOWS\system32;C:\WINDOWS;C:/Program Files/Java/jdk-21/bin/server;C:/Program Files/Java/jdk-21/bin;C:\Program Files\Java\jdk-21\bin;C:\Users\darsh\OneDrive\Desktop\apache-maven-3.9.9-bin\apache-maven-3.9.9\bin;C:\Program Files\Common Files\Oracle\Java\javapath;C:\Program Files\Microsoft SQL Server\150\Tools\Binn\;C:\Program Files\Microsoft SQL Server\Client SDK\ODBC\170\Tools\Binn\;C:\Program Files\dotnet\;C:\Program Files (x86)\Windows Kits\10\Windows Performance Toolkit\;C:\Users\darsh\AppData\Roaming\nvm;C:\Program Files\nodejs;C:\Users\darsh\.cargo\bin;C:\Program Files\Neovim\bin;C:\Program Files\Git\cmd;C:\Windows\System32;C:\Program Files\Docker\Docker\resources\bin;C:\minikube;C:\Windows\System32\WindowsPowerShell\v1.0\;C:\Program Files\PowerShell\7\;C:\Users\darsh\AppData\Local\Programs\Python\Python311\Scripts;C:\Program Files\Java\jdk-21\bin;C:\Program Files\Java\jdk-21\bin;C:\Users\darsh\.cargo\bin;C:\Users\darsh\.local\share\solana\install\active_release\bin;C:\Users\darsh\AppData\Local\Programs\Python\Python311;C:\msys64\ucrt64\bin;C:\Users\darsh\flutter\bin;C:\Windows\System32;C:\Program Files\Git\cmd;&quot;C:\Program Files\Git\bin\git.exe;&quot;;C:\Users\darsh\AppData\Local\Microsoft\WindowsApps;C:\ProgramData\darsh\GitHubDesktop\bin;C:\Users\darsh\AppData\Local\Programs\Microsoft VS Code\bin;C:\Users\darsh\.dotnet\tools;C:\Users\darsh\AppData\Local\Programs\mongosh\;C:\Users\darsh\AppData\Roaming\npm;C:\Users\darsh\AppData\Roaming\nvm;C:\Program Files\nodejs;C:\Users\darsh\Downloads\flutter_windows_3.19.5-stable\flutter\bin;C:\Users\darsh\Downloads\apache-maven-3.9.9-bin\apache-maven-3.9.9\bin;C:\Program Files\Kubernetes\Minikube;C:\Users\darsh\Downloads\flutter_windows_3.24.5-stable\flutter\bin;C:\Users\darsh\AppData\Local\Programs\Ollama;C:\WINDOWS\system32;;."/>
    <property name="java.vm.info" value="mixed mode"/>
    <property name="java.vendor" value="Amazon.com Inc."/>
    <property name="java.vm.version" value="11.0.17+8-LTS"/>
    <property name="sun.io.unicode.encoding" value="UnicodeLittle"/>
    <property name="java.class.version" value="55.0"/>
  </properties>
  <testcase name="testApp" classname="practice.samplemavenjava.AppTest" time="0.004"/>
</testsuite>